<?xml version="1.0" encoding="UTF-8"?>
<testsuite xmlns:xsi="http://www.w3.org/2001/XMLSchema-instance" xsi:noNamespaceSchemaLocation="https://maven.apache.org/surefire/maven-surefire-plugin/xsd/surefire-test-report-3.0.xsd" version="3.0" name="com.lms.backend.service.StudentServiceTest" time="1.617" tests="5" errors="0" skipped="0" failures="0">
  <properties>
[...]
</properties>
  <testcase name="testGetStudentEnrollments_MissingCourseIsIgnored" classname="com.lms.backend.service.StudentServiceTest" time="1.456"/>
  <testcase name="testGetStudentEnrollments_UnknownInstructorFallsBackToDefaultLabel" classname="com.lms.backend.service.StudentServiceTest" time="0.037"/>
  <testcase name="testGetStudentEnrollments_NoEnrollments" classname="com.lms.backend.service.StudentServiceTest" time="0.014"/>
  <testcase name="testGetStudentEnrollments_Success" classname="com.lms.backend.service.StudentServiceTest" time="0.028"/>
  <testcase name="testGetActiveStudents_ReturnsDistinctEnrolledStudentsOnly" classname="com.lms.backend.service.StudentServiceTest" time="0.019"/>
</testsuite>